2022-06-04T13:57:28.482763+1000Профиль открыт получаем фотографии
2022-06-04T13:57:30.020594+1000Фотография c именем : 2013-08-26-00H-55M-31S выгружена на Yandex Disk
2022-06-04T13:57:30.764011+1000Фотография c именем : 2013-02-07-10H-17M-20S выгружена на Yandex Disk
2022-06-04T13:57:31.539815+1000Фотография c именем : 2013-06-20-09H-23M-26S выгружена на Yandex Disk
2022-06-04T13:57:32.413975+1000Фотография c именем : 2013-07-07-10H-39M-05S выгружена на Yandex Disk
2022-06-04T13:57:33.242070+1000Фотография c именем : 5 выгружена на Yandex Disk
2022-06-04T13:57:33.244145+1000Все фотографии выгружены на Yandex Disk
2022-06-04T13:58:06.017649+1000Профиль закрыт
2022-06-04T13:58:06.017649+1000Профиль закрыт фотографии не удалось скачать
2022-06-04T13:58:32.686261+1000Профиль открыт получаем фотографии
2022-06-04T13:58:34.304598+1000Фотография c именем : 2013-08-26-00H-55M-31S выгружена на Yandex Disk
2022-06-04T13:58:35.056630+1000Фотография c именем : 2013-02-07-10H-17M-20S выгружена на Yandex Disk
2022-06-04T13:58:35.846843+1000Фотография c именем : 2013-06-20-09H-23M-26S выгружена на Yandex Disk
2022-06-04T13:58:36.761375+1000Фотография c именем : 2013-07-07-10H-39M-05S выгружена на Yandex Disk
2022-06-04T13:58:37.564085+1000Фотография c именем : 5 выгружена на Yandex Disk
2022-06-04T13:58:38.514981+1000Фотография c именем : 12 выгружена на Yandex Disk
2022-06-04T13:58:39.278569+1000Фотография c именем : 0 выгружена на Yandex Disk
2022-06-04T13:58:40.297643+1000Фотография c именем : 2013-09-16-10H-30M-16S выгружена на Yandex Disk
2022-06-04T13:58:40.967326+1000Фотография c именем : 23 выгружена на Yandex Disk
2022-06-04T13:58:41.716200+1000Фотография c именем : 6 выгружена на Yandex Disk
2022-06-04T13:58:41.717187+1000Все фотографии выгружены на Yandex Disk
